This file contains any messages produced by compilers while
running configure, to aid debugging if configure makes a mistake.

It was created by tk configure 8.5, which was
generated by GNU Autoconf 2.69.  Invocation command line was

  $ ./configure --enable-gcc --disable-shared --disable-xft --disable-xss --prefix=/home/wh1/workspace/ns-2.35-with-anthocnet

## --------- ##
## Platform. ##
## --------- ##

hostname = beta156
uname -m = x86_64
uname -r = 3.13.0-24-generic
uname -s = Linux
uname -v = #47-Ubuntu SMP Fri May 2 23:30:00 UTC 2014

/usr/bin/uname -p = unknown
/bin/uname -X     = unknown

/bin/arch              = unknown
/usr/bin/arch -k       = unknown
/usr/convex/getsysinfo = unknown
/usr/bin/hostinfo      = unknown
/bin/machine           = unknown
/usr/bin/oslevel       = unknown
/bin/universe          = unknown

PATH: /home/wh1/workspace/ns-2.35-with-anthocnet/bin
PATH: /usr/local/sbin
PATH: /usr/local/bin
PATH: /usr/sbin
PATH: /usr/bin
PATH: /sbin
PATH: /bin
PATH: /usr/games
PATH: /usr/local/games


## ----------- ##
## Core tests. ##
## ----------- ##

configure:2306: checking for Tcl configuration
configure:2406: result: found /home/wh1/workspace/ns-2.35-with-anthocnet/tcl8.5.15/unix/tclConfig.sh
configure:2412: checking for existence of /home/wh1/workspace/ns-2.35-with-anthocnet/tcl8.5.15/unix/tclConfig.sh
configure:2416: result: loading
configure:2482: checking for tclsh
configure:2506: result: /home/wh1/workspace/ns-2.35-with-anthocnet/bin/tclsh8.5
configure:2517: checking for tclsh in Tcl build directory
configure:2520: result: /home/wh1/workspace/ns-2.35-with-anthocnet/tcl8.5.15/unix/tclsh
configure:2550: checking whether to use symlinks for manpages
configure:2559: result: no
configure:2562: checking whether to compress the manpages
configure:2575: result: no
configure:2589: checking whether to add a package name suffix for the manpages
configure:2602: result: no
configure:2666: checking for gcc
configure:2682: found /usr/bin/gcc
configure:2693: result: gcc
configure:2922: checking for C compiler version
configure:2931: gcc --version >&5
gcc (Ubuntu 4.8.4-2ubuntu1~14.04) 4.8.4
Copyright (C) 2013 Free Software Foundation, Inc.
This is free software; see the source for copying conditions.  There is NO
warranty; not even for MERCHANTABILITY or FITNESS FOR A PARTICULAR PURPOSE.

configure:2942: $? = 0
configure:2931: gcc -v >&5
Using built-in specs.
COLLECT_GCC=gcc
COLLECT_LTO_WRAPPER=/usr/lib/gcc/x86_64-linux-gnu/4.8/lto-wrapper
Target: x86_64-linux-gnu
Configured with: ../src/configure -v --with-pkgversion='Ubuntu 4.8.4-2ubuntu1~14.04' --with-bugurl=file:///usr/share/doc/gcc-4.8/README.Bugs --enable-languages=c,c++,java,go,d,fortran,objc,obj-c++ --prefix=/usr --program-suffix=-4.8 --enable-shared --enable-linker-build-id --libexecdir=/usr/lib --without-included-gettext --enable-threads=posix --with-gxx-include-dir=/usr/include/c++/4.8 --libdir=/usr/lib --enable-nls --with-sysroot=/ --enable-clocale=gnu --enable-libstdcxx-debug --enable-libstdcxx-time=yes --enable-gnu-unique-object --disable-libmudflap --enable-plugin --with-system-zlib --disable-browser-plugin --enable-java-awt=gtk --enable-gtk-cairo --with-java-home=/usr/lib/jvm/java-1.5.0-gcj-4.8-amd64/jre --enable-java-home --with-jvm-root-dir=/usr/lib/jvm/java-1.5.0-gcj-4.8-amd64 --with-jvm-jar-dir=/usr/lib/jvm-exports/java-1.5.0-gcj-4.8-amd64 --with-arch-directory=amd64 --with-ecj-jar=/usr/share/java/eclipse-ecj.jar --enable-objc-gc --enable-multiarch --disable-werror --with-arch-32=i686 --with-abi=m64 --with-multilib-list=m32,m64,mx32 --with-tune=generic --enable-checking=release --build=x86_64-linux-gnu --host=x86_64-linux-gnu --target=x86_64-linux-gnu
Thread model: posix
gcc version 4.8.4 (Ubuntu 4.8.4-2ubuntu1~14.04) 
configure:2942: $? = 0
configure:2931: gcc -V >&5
gcc: error: unrecognized command line option '-V'
gcc: fatal error: no input files
compilation terminated.
configure:2942: $? = 4
configure:2931: gcc -qversion >&5
gcc: error: unrecognized command line option '-qversion'
gcc: fatal error: no input files
compilation terminated.
configure:2942: $? = 4
configure:2962: checking whether the C compiler works
configure:2984: gcc    conftest.c  >&5
configure:2988: $? = 0
configure:3036: result: yes
configure:3039: checking for C compiler default output file name
configure:3041: result: a.out
configure:3047: checking for suffix of executables
configure:3054: gcc -o conftest    conftest.c  >&5
configure:3058: $? = 0
configure:3080: result: 
configure:3102: checking whether we are cross compiling
configure:3110: gcc -o conftest    conftest.c  >&5
configure:3114: $? = 0
configure:3121: ./conftest
configure:3125: $? = 0
configure:3140: result: no
configure:3145: checking for suffix of object files
configure:3167: gcc -c   conftest.c >&5
configure:3171: $? = 0
configure:3192: result: o
configure:3196: checking whether we are using the GNU C compiler
configure:3215: gcc -c   conftest.c >&5
configure:3215: $? = 0
configure:3224: result: yes
configure:3233: checking whether gcc accepts -g
configure:3253: gcc -c -g  conftest.c >&5
configure:3253: $? = 0
configure:3294: result: yes
configure:3311: checking for gcc option to accept ISO C89
configure:3374: gcc  -c   conftest.c >&5
configure:3374: $? = 0
configure:3387: result: none needed
configure:3416: checking how to run the C preprocessor
configure:3447: gcc -E  conftest.c
configure:3447: $? = 0
configure:3461: gcc -E  conftest.c
conftest.c:9:28: fatal error: ac_nonexistent.h: No such file or directory
 #include <ac_nonexistent.h>
                            ^
compilation terminated.
configure:3461: $? = 1
configure: failed program was:
| /* confdefs.h */
| #define PACKAGE_NAME "tk"
| #define PACKAGE_TARNAME "tk"
| #define PACKAGE_VERSION "8.5"
| #define PACKAGE_STRING "tk 8.5"
| #define PACKAGE_BUGREPORT ""
| #define PACKAGE_URL ""
| /* end confdefs.h.  */
| #include <ac_nonexistent.h>
configure:3486: result: gcc -E
configure:3506: gcc -E  conftest.c
configure:3506: $? = 0
configure:3520: gcc -E  conftest.c
conftest.c:9:28: fatal error: ac_nonexistent.h: No such file or directory
 #include <ac_nonexistent.h>
                            ^
compilation terminated.
configure:3520: $? = 1
configure: failed program was:
| /* confdefs.h */
| #define PACKAGE_NAME "tk"
| #define PACKAGE_TARNAME "tk"
| #define PACKAGE_VERSION "8.5"
| #define PACKAGE_STRING "tk 8.5"
| #define PACKAGE_BUGREPORT ""
| #define PACKAGE_URL ""
| /* end confdefs.h.  */
| #include <ac_nonexistent.h>
configure:3549: checking for grep that handles long lines and -e
configure:3607: result: /bin/grep
configure:3612: checking for egrep
configure:3674: result: /bin/grep -E
configure:3679: checking for ANSI C header files
configure:3699: gcc -c   conftest.c >&5
configure:3699: $? = 0
configure:3772: gcc -o conftest    conftest.c  >&5
configure:3772: $? = 0
configure:3772: ./conftest
configure:3772: $? = 0
configure:3783: result: yes
configure:3796: checking for sys/types.h
configure:3796: gcc -c   conftest.c >&5
configure:3796: $? = 0
configure:3796: result: yes
configure:3796: checking for sys/stat.h
configure:3796: gcc -c   conftest.c >&5
configure:3796: $? = 0
configure:3796: result: yes
configure:3796: checking for stdlib.h
configure:3796: gcc -c   conftest.c >&5
configure:3796: $? = 0
configure:3796: result: yes
configure:3796: checking for string.h
configure:3796: gcc -c   conftest.c >&5
configure:3796: $? = 0
configure:3796: result: yes
configure:3796: checking for memory.h
configure:3796: gcc -c   conftest.c >&5
configure:3796: $? = 0
configure:3796: result: yes
configure:3796: checking for strings.h
configure:3796: gcc -c   conftest.c >&5
configure:3796: $? = 0
configure:3796: result: yes
configure:3796: checking for inttypes.h
configure:3796: gcc -c   conftest.c >&5
configure:3796: $? = 0
configure:3796: result: yes
configure:3796: checking for stdint.h
configure:3796: gcc -c   conftest.c >&5
configure:3796: $? = 0
configure:3796: result: yes
configure:3796: checking for unistd.h
configure:3796: gcc -c   conftest.c >&5
configure:3796: $? = 0
configure:3796: result: yes
configure:3808: checking limits.h usability
configure:3808: gcc -c   conftest.c >&5
configure:3808: $? = 0
configure:3808: result: yes
configure:3808: checking limits.h presence
configure:3808: gcc -E  conftest.c
configure:3808: $? = 0
configure:3808: result: yes
configure:3808: checking for limits.h
configure:3808: result: yes
configure:3826: checking for stdlib.h
configure:3826: result: yes
configure:3885: checking if the compiler understands -pipe
configure:3903: gcc -c  -pipe  conftest.c >&5
configure:3903: $? = 0
configure:3911: result: yes
configure:4306: checking for building with threads
configure:4320: result: no (default)
configure:4331: checking how to build libraries
configure:4353: result: static
configure:4411: checking for ranlib
configure:4427: found /usr/bin/ranlib
configure:4438: result: ranlib
configure:4464: checking if 64bit support is requested
configure:4473: result: no
configure:4478: checking if 64bit Sparc VIS support is requested
configure:4487: result: no
configure:4497: checking if compiler supports visibility "hidden"
configure:4517: gcc -o conftest  -pipe -Werror   conftest.c  >&5
configure:4517: $? = 0
configure:4526: result: yes
configure:4538: checking if rpath support is requested
configure:4547: result: yes
configure:4554: checking system version
configure:4582: result: Linux-3.13.0-24-generic
configure:4590: checking for dlopen in -ldl
configure:4615: gcc -o conftest  -pipe   conftest.c -ldl   >&5
configure:4615: $? = 0
configure:4624: result: yes
configure:4706: checking for ar
configure:4722: found /usr/bin/ar
configure:4733: result: ar
configure:6428: checking for build with symbols
configure:6442: result: no
configure:6486: checking for required early compiler flags
configure:6504: gcc -c  -pipe  conftest.c >&5
configure:6504: $? = 0
configure:6551: gcc -c  -pipe  conftest.c >&5
conftest.c: In function 'main':
conftest.c:29:15: error: storage size of 'buf' isn't known
 struct stat64 buf; int i = stat64("/", &buf);
               ^
configure:6551: $? = 1
configure: failed program was:
| /* confdefs.h */
| #define PACKAGE_NAME "tk"
| #define PACKAGE_TARNAME "tk"
| #define PACKAGE_VERSION "8.5"
| #define PACKAGE_STRING "tk 8.5"
| #define PACKAGE_BUGREPORT ""
| #define PACKAGE_URL ""
| #define STDC_HEADERS 1
| #define HAVE_SYS_TYPES_H 1
| #define HAVE_SYS_STAT_H 1
| #define HAVE_STDLIB_H 1
| #define HAVE_STRING_H 1
| #define HAVE_MEMORY_H 1
| #define HAVE_STRINGS_H 1
| #define HAVE_INTTYPES_H 1
| #define HAVE_STDINT_H 1
| #define HAVE_UNISTD_H 1
| #define HAVE_LIMITS_H 1
| #define STATIC_BUILD 1
| #define MODULE_SCOPE extern __attribute__((__visibility__("hidden")))
| #define TCL_SHLIB_EXT ".so"
| #define TCL_CFG_OPTIMIZED 1
| #define TCL_CFG_DEBUG 1
| /* end confdefs.h.  */
| #include <sys/stat.h>
| int
| main ()
| {
| struct stat64 buf; int i = stat64("/", &buf);
|   ;
|   return 0;
| }
configure:6566: gcc -c  -pipe  conftest.c >&5
configure:6566: $? = 0
configure:6598: gcc -c  -pipe  conftest.c >&5
conftest.c: In function 'main':
conftest.c:30:19: error: 'open64' undeclared (first use in this function)
 char *p = (char *)open64;
                   ^
conftest.c:30:19: note: each undeclared identifier is reported only once for each function it appears in
configure:6598: $? = 1
configure: failed program was:
| /* confdefs.h */
| #define PACKAGE_NAME "tk"
| #define PACKAGE_TARNAME "tk"
| #define PACKAGE_VERSION "8.5"
| #define PACKAGE_STRING "tk 8.5"
| #define PACKAGE_BUGREPORT ""
| #define PACKAGE_URL ""
| #define STDC_HEADERS 1
| #define HAVE_SYS_TYPES_H 1
| #define HAVE_SYS_STAT_H 1
| #define HAVE_STDLIB_H 1
| #define HAVE_STRING_H 1
| #define HAVE_MEMORY_H 1
| #define HAVE_STRINGS_H 1
| #define HAVE_INTTYPES_H 1
| #define HAVE_STDINT_H 1
| #define HAVE_UNISTD_H 1
| #define HAVE_LIMITS_H 1
| #define STATIC_BUILD 1
| #define MODULE_SCOPE extern __attribute__((__visibility__("hidden")))
| #define TCL_SHLIB_EXT ".so"
| #define TCL_CFG_OPTIMIZED 1
| #define TCL_CFG_DEBUG 1
| #define _LARGEFILE64_SOURCE 1
| /* end confdefs.h.  */
| #include <sys/stat.h>
| int
| main ()
| {
| char *p = (char *)open64;
|   ;
|   return 0;
| }
configure:6613: gcc -c  -pipe  conftest.c >&5
conftest.c: In function 'main':
conftest.c:31:19: error: 'open64' undeclared (first use in this function)
 char *p = (char *)open64;
                   ^
conftest.c:31:19: note: each undeclared identifier is reported only once for each function it appears in
configure:6613: $? = 1
configure: failed program was:
| /* confdefs.h */
| #define PACKAGE_NAME "tk"
| #define PACKAGE_TARNAME "tk"
| #define PACKAGE_VERSION "8.5"
| #define PACKAGE_STRING "tk 8.5"
| #define PACKAGE_BUGREPORT ""
| #define PACKAGE_URL ""
| #define STDC_HEADERS 1
| #define HAVE_SYS_TYPES_H 1
| #define HAVE_SYS_STAT_H 1
| #define HAVE_STDLIB_H 1
| #define HAVE_STRING_H 1
| #define HAVE_MEMORY_H 1
| #define HAVE_STRINGS_H 1
| #define HAVE_INTTYPES_H 1
| #define HAVE_STDINT_H 1
| #define HAVE_UNISTD_H 1
| #define HAVE_LIMITS_H 1
| #define STATIC_BUILD 1
| #define MODULE_SCOPE extern __attribute__((__visibility__("hidden")))
| #define TCL_SHLIB_EXT ".so"
| #define TCL_CFG_OPTIMIZED 1
| #define TCL_CFG_DEBUG 1
| #define _LARGEFILE64_SOURCE 1
| /* end confdefs.h.  */
| #define _LARGEFILE_SOURCE64 1
| #include <sys/stat.h>
| int
| main ()
| {
| char *p = (char *)open64;
|   ;
|   return 0;
| }
configure:6634: result:  _LARGEFILE64_SOURCE
configure:6640: checking for 64-bit integer type
configure:6659: gcc -c  -pipe  conftest.c >&5
conftest.c: In function 'main':
conftest.c:30:1: error: unknown type name '__int64'
 __int64 value = (__int64) 0;
 ^
conftest.c:30:18: error: '__int64' undeclared (first use in this function)
 __int64 value = (__int64) 0;
                  ^
conftest.c:30:18: note: each undeclared identifier is reported only once for each function it appears in
conftest.c:30:27: error: expected ',' or ';' before numeric constant
 __int64 value = (__int64) 0;
                           ^
configure:6659: $? = 1
configure: failed program was:
| /* confdefs.h */
| #define PACKAGE_NAME "tk"
| #define PACKAGE_TARNAME "tk"
| #define PACKAGE_VERSION "8.5"
| #define PACKAGE_STRING "tk 8.5"
| #define PACKAGE_BUGREPORT ""
| #define PACKAGE_URL ""
| #define STDC_HEADERS 1
| #define HAVE_SYS_TYPES_H 1
| #define HAVE_SYS_STAT_H 1
| #define HAVE_STDLIB_H 1
| #define HAVE_STRING_H 1
| #define HAVE_MEMORY_H 1
| #define HAVE_STRINGS_H 1
| #define HAVE_INTTYPES_H 1
| #define HAVE_STDINT_H 1
| #define HAVE_UNISTD_H 1
| #define HAVE_LIMITS_H 1
| #define STATIC_BUILD 1
| #define MODULE_SCOPE extern __attribute__((__visibility__("hidden")))
| #define TCL_SHLIB_EXT ".so"
| #define TCL_CFG_OPTIMIZED 1
| #define TCL_CFG_DEBUG 1
| #define _LARGEFILE64_SOURCE 1
| /* end confdefs.h.  */
| 
| int
| main ()
| {
| __int64 value = (__int64) 0;
|   ;
|   return 0;
| }
configure:6681: gcc -c  -pipe  conftest.c >&5
conftest.c: In function 'main':
conftest.c:31:21: error: duplicate case value
             case 1: case (sizeof(long long)==sizeof(long)): ;
                     ^
conftest.c:31:13: error: previously used here
             case 1: case (sizeof(long long)==sizeof(long)): ;
             ^
configure:6681: $? = 1
configure: failed program was:
| /* confdefs.h */
| #define PACKAGE_NAME "tk"
| #define PACKAGE_TARNAME "tk"
| #define PACKAGE_VERSION "8.5"
| #define PACKAGE_STRING "tk 8.5"
| #define PACKAGE_BUGREPORT ""
| #define PACKAGE_URL ""
| #define STDC_HEADERS 1
| #define HAVE_SYS_TYPES_H 1
| #define HAVE_SYS_STAT_H 1
| #define HAVE_STDLIB_H 1
| #define HAVE_STRING_H 1
| #define HAVE_MEMORY_H 1
| #define HAVE_STRINGS_H 1
| #define HAVE_INTTYPES_H 1
| #define HAVE_STDINT_H 1
| #define HAVE_UNISTD_H 1
| #define HAVE_LIMITS_H 1
| #define STATIC_BUILD 1
| #define MODULE_SCOPE extern __attribute__((__visibility__("hidden")))
| #define TCL_SHLIB_EXT ".so"
| #define TCL_CFG_OPTIMIZED 1
| #define TCL_CFG_DEBUG 1
| #define _LARGEFILE64_SOURCE 1
| /* end confdefs.h.  */
| 
| int
| main ()
| {
| switch (0) {
|             case 1: case (sizeof(long long)==sizeof(long)): ;
|         }
|   ;
|   return 0;
| }
configure:6691: result: using long
configure:6826: checking whether byte ordering is bigendian
configure:6841: gcc -c  -pipe  conftest.c >&5
conftest.c:28:9: error: unknown type name 'not'
         not a universal capable compiler
         ^
conftest.c:28:15: error: expected '=', ',', ';', 'asm' or '__attribute__' before 'universal'
         not a universal capable compiler
               ^
conftest.c:28:15: error: unknown type name 'universal'
configure:6841: $? = 1
configure: failed program was:
| /* confdefs.h */
| #define PACKAGE_NAME "tk"
| #define PACKAGE_TARNAME "tk"
| #define PACKAGE_VERSION "8.5"
| #define PACKAGE_STRING "tk 8.5"
| #define PACKAGE_BUGREPORT ""
| #define PACKAGE_URL ""
| #define STDC_HEADERS 1
| #define HAVE_SYS_TYPES_H 1
| #define HAVE_SYS_STAT_H 1
| #define HAVE_STDLIB_H 1
| #define HAVE_STRING_H 1
| #define HAVE_MEMORY_H 1
| #define HAVE_STRINGS_H 1
| #define HAVE_INTTYPES_H 1
| #define HAVE_STDINT_H 1
| #define HAVE_UNISTD_H 1
| #define HAVE_LIMITS_H 1
| #define STATIC_BUILD 1
| #define MODULE_SCOPE extern __attribute__((__visibility__("hidden")))
| #define TCL_SHLIB_EXT ".so"
| #define TCL_CFG_OPTIMIZED 1
| #define TCL_CFG_DEBUG 1
| #define _LARGEFILE64_SOURCE 1
| #define TCL_WIDE_INT_IS_LONG 1
| /* end confdefs.h.  */
| #ifndef __APPLE_CC__
| 	       not a universal capable compiler
| 	     #endif
| 	     typedef int dummy;
| 
configure:6886: gcc -c  -pipe  conftest.c >&5
configure:6886: $? = 0
configure:6904: gcc -c  -pipe  conftest.c >&5
conftest.c: In function 'main':
conftest.c:34:4: error: unknown type name 'not'
    not big endian
    ^
conftest.c:34:12: error: expected '=', ',', ';', 'asm' or '__attribute__' before 'endian'
    not big endian
            ^
configure:6904: $? = 1
configure: failed program was:
| /* confdefs.h */
| #define PACKAGE_NAME "tk"
| #define PACKAGE_TARNAME "tk"
| #define PACKAGE_VERSION "8.5"
| #define PACKAGE_STRING "tk 8.5"
| #define PACKAGE_BUGREPORT ""
| #define PACKAGE_URL ""
| #define STDC_HEADERS 1
| #define HAVE_SYS_TYPES_H 1
| #define HAVE_SYS_STAT_H 1
| #define HAVE_STDLIB_H 1
| #define HAVE_STRING_H 1
| #define HAVE_MEMORY_H 1
| #define HAVE_STRINGS_H 1
| #define HAVE_INTTYPES_H 1
| #define HAVE_STDINT_H 1
| #define HAVE_UNISTD_H 1
| #define HAVE_LIMITS_H 1
| #define STATIC_BUILD 1
| #define MODULE_SCOPE extern __attribute__((__visibility__("hidden")))
| #define TCL_SHLIB_EXT ".so"
| #define TCL_CFG_OPTIMIZED 1
| #define TCL_CFG_DEBUG 1
| #define _LARGEFILE64_SOURCE 1
| #define TCL_WIDE_INT_IS_LONG 1
| /* end confdefs.h.  */
| #include <sys/types.h>
| 		#include <sys/param.h>
| 
| int
| main ()
| {
| #if BYTE_ORDER != BIG_ENDIAN
| 		 not big endian
| 		#endif
| 
|   ;
|   return 0;
| }
configure:7032: result: no
configure:7081: checking for fd_set in sys/types
configure:7098: gcc -c  -pipe  conftest.c >&5
configure:7098: $? = 0
configure:7105: result: yes
configure:7150: checking sys/time.h usability
configure:7150: gcc -c  -pipe  conftest.c >&5
configure:7150: $? = 0
configure:7150: result: yes
configure:7150: checking sys/time.h presence
configure:7150: gcc -E  conftest.c
configure:7150: $? = 0
configure:7150: result: yes
configure:7150: checking for sys/time.h
configure:7150: result: yes
configure:7160: checking whether time.h and sys/time.h may both be included
configure:7180: gcc -c  -pipe  conftest.c >&5
configure:7180: $? = 0
configure:7187: result: yes
configure:7204: checking for strtod
configure:7204: gcc -o conftest  -pipe   -Wl,--export-dynamic  conftest.c  >&5
configure:7204: $? = 0
configure:7204: result: yes
configure:7212: checking for Solaris2.4/Tru64 strtod bugs
configure:7244: gcc -o conftest  -pipe   -Wl,--export-dynamic  conftest.c  >&5
conftest.c: In function 'main':
conftest.c:37:4: warning: incompatible implicit declaration of built-in function 'exit' [enabled by default]
    exit(1);
    ^
conftest.c:41:4: warning: incompatible implicit declaration of built-in function 'exit' [enabled by default]
    exit(1);
    ^
conftest.c:45:4: warning: incompatible implicit declaration of built-in function 'exit' [enabled by default]
    exit(1);
    ^
conftest.c:47:7: warning: incompatible implicit declaration of built-in function 'exit' [enabled by default]
       exit(0);
       ^
configure:7244: $? = 0
configure:7244: ./conftest
configure:7244: $? = 0
configure:7254: result: ok
configure:7276: checking for mode_t
configure:7276: gcc -c  -pipe  conftest.c >&5
configure:7276: $? = 0
configure:7276: gcc -c  -pipe  conftest.c >&5
conftest.c: In function 'main':
conftest.c:65:21: error: expected expression before ')' token
 if (sizeof ((mode_t)))
                     ^
configure:7276: $? = 1
configure: failed program was:
| /* confdefs.h */
| #define PACKAGE_NAME "tk"
| #define PACKAGE_TARNAME "tk"
| #define PACKAGE_VERSION "8.5"
| #define PACKAGE_STRING "tk 8.5"
| #define PACKAGE_BUGREPORT ""
| #define PACKAGE_URL ""
| #define STDC_HEADERS 1
| #define HAVE_SYS_TYPES_H 1
| #define HAVE_SYS_STAT_H 1
| #define HAVE_STDLIB_H 1
| #define HAVE_STRING_H 1
| #define HAVE_MEMORY_H 1
| #define HAVE_STRINGS_H 1
| #define HAVE_INTTYPES_H 1
| #define HAVE_STDINT_H 1
| #define HAVE_UNISTD_H 1
| #define HAVE_LIMITS_H 1
| #define STATIC_BUILD 1
| #define MODULE_SCOPE extern __attribute__((__visibility__("hidden")))
| #define TCL_SHLIB_EXT ".so"
| #define TCL_CFG_OPTIMIZED 1
| #define TCL_CFG_DEBUG 1
| #define _LARGEFILE64_SOURCE 1
| #define TCL_WIDE_INT_IS_LONG 1
| #define HAVE_SYS_TIME_H 1
| #define TIME_WITH_SYS_TIME 1
| /* end confdefs.h.  */
| #include <stdio.h>
| #ifdef HAVE_SYS_TYPES_H
| # include <sys/types.h>
| #endif
| #ifdef HAVE_SYS_STAT_H
| # include <sys/stat.h>
| #endif
| #ifdef STDC_HEADERS
| # include <stdlib.h>
| # include <stddef.h>
| #else
| # ifdef HAVE_STDLIB_H
| #  include <stdlib.h>
| # endif
| #endif
| #ifdef HAVE_STRING_H
| # if !defined STDC_HEADERS && defined HAVE_MEMORY_H
| #  include <memory.h>
| # endif
| # include <string.h>
| #endif
| #ifdef HAVE_STRINGS_H
| # include <strings.h>
| #endif
| #ifdef HAVE_INTTYPES_H
| # include <inttypes.h>
| #endif
| #ifdef HAVE_STDINT_H
| # include <stdint.h>
| #endif
| #ifdef HAVE_UNISTD_H
| # include <unistd.h>
| #endif
| int
| main ()
| {
| if (sizeof ((mode_t)))
| 	    return 0;
|   ;
|   return 0;
| }
configure:7276: result: yes
configure:7287: checking for pid_t
configure:7287: gcc -c  -pipe  conftest.c >&5
configure:7287: $? = 0
configure:7287: gcc -c  -pipe  conftest.c >&5
conftest.c: In function 'main':
conftest.c:65:20: error: expected expression before ')' token
 if (sizeof ((pid_t)))
                    ^
configure:7287: $? = 1
configure: failed program was:
| /* confdefs.h */
| #define PACKAGE_NAME "tk"
| #define PACKAGE_TARNAME "tk"
| #define PACKAGE_VERSION "8.5"
| #define PACKAGE_STRING "tk 8.5"
| #define PACKAGE_BUGREPORT ""
| #define PACKAGE_URL ""
| #define STDC_HEADERS 1
| #define HAVE_SYS_TYPES_H 1
| #define HAVE_SYS_STAT_H 1
| #define HAVE_STDLIB_H 1
| #define HAVE_STRING_H 1
| #define HAVE_MEMORY_H 1
| #define HAVE_STRINGS_H 1
| #define HAVE_INTTYPES_H 1
| #define HAVE_STDINT_H 1
| #define HAVE_UNISTD_H 1
| #define HAVE_LIMITS_H 1
| #define STATIC_BUILD 1
| #define MODULE_SCOPE extern __attribute__((__visibility__("hidden")))
| #define TCL_SHLIB_EXT ".so"
| #define TCL_CFG_OPTIMIZED 1
| #define TCL_CFG_DEBUG 1
| #define _LARGEFILE64_SOURCE 1
| #define TCL_WIDE_INT_IS_LONG 1
| #define HAVE_SYS_TIME_H 1
| #define TIME_WITH_SYS_TIME 1
| /* end confdefs.h.  */
| #include <stdio.h>
| #ifdef HAVE_SYS_TYPES_H
| # include <sys/types.h>
| #endif
| #ifdef HAVE_SYS_STAT_H
| # include <sys/stat.h>
| #endif
| #ifdef STDC_HEADERS
| # include <stdlib.h>
| # include <stddef.h>
| #else
| # ifdef HAVE_STDLIB_H
| #  include <stdlib.h>
| # endif
| #endif
| #ifdef HAVE_STRING_H
| # if !defined STDC_HEADERS && defined HAVE_MEMORY_H
| #  include <memory.h>
| # endif
| # include <string.h>
| #endif
| #ifdef HAVE_STRINGS_H
| # include <strings.h>
| #endif
| #ifdef HAVE_INTTYPES_H
| # include <inttypes.h>
| #endif
| #ifdef HAVE_STDINT_H
| # include <stdint.h>
| #endif
| #ifdef HAVE_UNISTD_H
| # include <unistd.h>
| #endif
| int
| main ()
| {
| if (sizeof ((pid_t)))
| 	    return 0;
|   ;
|   return 0;
| }
configure:7287: result: yes
configure:7298: checking for size_t
configure:7298: gcc -c  -pipe  conftest.c >&5
configure:7298: $? = 0
configure:7298: gcc -c  -pipe  conftest.c >&5
conftest.c: In function 'main':
conftest.c:65:21: error: expected expression before ')' token
 if (sizeof ((size_t)))
                     ^
configure:7298: $? = 1
configure: failed program was:
| /* confdefs.h */
| #define PACKAGE_NAME "tk"
| #define PACKAGE_TARNAME "tk"
| #define PACKAGE_VERSION "8.5"
| #define PACKAGE_STRING "tk 8.5"
| #define PACKAGE_BUGREPORT ""
| #define PACKAGE_URL ""
| #define STDC_HEADERS 1
| #define HAVE_SYS_TYPES_H 1
| #define HAVE_SYS_STAT_H 1
| #define HAVE_STDLIB_H 1
| #define HAVE_STRING_H 1
| #define HAVE_MEMORY_H 1
| #define HAVE_STRINGS_H 1
| #define HAVE_INTTYPES_H 1
| #define HAVE_STDINT_H 1
| #define HAVE_UNISTD_H 1
| #define HAVE_LIMITS_H 1
| #define STATIC_BUILD 1
| #define MODULE_SCOPE extern __attribute__((__visibility__("hidden")))
| #define TCL_SHLIB_EXT ".so"
| #define TCL_CFG_OPTIMIZED 1
| #define TCL_CFG_DEBUG 1
| #define _LARGEFILE64_SOURCE 1
| #define TCL_WIDE_INT_IS_LONG 1
| #define HAVE_SYS_TIME_H 1
| #define TIME_WITH_SYS_TIME 1
| /* end confdefs.h.  */
| #include <stdio.h>
| #ifdef HAVE_SYS_TYPES_H
| # include <sys/types.h>
| #endif
| #ifdef HAVE_SYS_STAT_H
| # include <sys/stat.h>
| #endif
| #ifdef STDC_HEADERS
| # include <stdlib.h>
| # include <stddef.h>
| #else
| # ifdef HAVE_STDLIB_H
| #  include <stdlib.h>
| # endif
| #endif
| #ifdef HAVE_STRING_H
| # if !defined STDC_HEADERS && defined HAVE_MEMORY_H
| #  include <memory.h>
| # endif
| # include <string.h>
| #endif
| #ifdef HAVE_STRINGS_H
| # include <strings.h>
| #endif
| #ifdef HAVE_INTTYPES_H
| # include <inttypes.h>
| #endif
| #ifdef HAVE_STDINT_H
| # include <stdint.h>
| #endif
| #ifdef HAVE_UNISTD_H
| # include <unistd.h>
| #endif
| int
| main ()
| {
| if (sizeof ((size_t)))
| 	    return 0;
|   ;
|   return 0;
| }
configure:7298: result: yes
configure:7309: checking for uid_t in sys/types.h
configure:7328: result: yes
configure:7340: checking for intptr_t
configure:7340: gcc -c  -pipe  conftest.c >&5
configure:7340: $? = 0
configure:7340: gcc -c  -pipe  conftest.c >&5
conftest.c: In function 'main':
conftest.c:65:23: error: expected expression before ')' token
 if (sizeof ((intptr_t)))
                       ^
configure:7340: $? = 1
configure: failed program was:
| /* confdefs.h */
| #define PACKAGE_NAME "tk"
| #define PACKAGE_TARNAME "tk"
| #define PACKAGE_VERSION "8.5"
| #define PACKAGE_STRING "tk 8.5"
| #define PACKAGE_BUGREPORT ""
| #define PACKAGE_URL ""
| #define STDC_HEADERS 1
| #define HAVE_SYS_TYPES_H 1
| #define HAVE_SYS_STAT_H 1
| #define HAVE_STDLIB_H 1
| #define HAVE_STRING_H 1
| #define HAVE_MEMORY_H 1
| #define HAVE_STRINGS_H 1
| #define HAVE_INTTYPES_H 1
| #define HAVE_STDINT_H 1
| #define HAVE_UNISTD_H 1
| #define HAVE_LIMITS_H 1
| #define STATIC_BUILD 1
| #define MODULE_SCOPE extern __attribute__((__visibility__("hidden")))
| #define TCL_SHLIB_EXT ".so"
| #define TCL_CFG_OPTIMIZED 1
| #define TCL_CFG_DEBUG 1
| #define _LARGEFILE64_SOURCE 1
| #define TCL_WIDE_INT_IS_LONG 1
| #define HAVE_SYS_TIME_H 1
| #define TIME_WITH_SYS_TIME 1
| /* end confdefs.h.  */
| #include <stdio.h>
| #ifdef HAVE_SYS_TYPES_H
| # include <sys/types.h>
| #endif
| #ifdef HAVE_SYS_STAT_H
| # include <sys/stat.h>
| #endif
| #ifdef STDC_HEADERS
| # include <stdlib.h>
| # include <stddef.h>
| #else
| # ifdef HAVE_STDLIB_H
| #  include <stdlib.h>
| # endif
| #endif
| #ifdef HAVE_STRING_H
| # if !defined STDC_HEADERS && defined HAVE_MEMORY_H
| #  include <memory.h>
| # endif
| # include <string.h>
| #endif
| #ifdef HAVE_STRINGS_H
| # include <strings.h>
| #endif
| #ifdef HAVE_INTTYPES_H
| # include <inttypes.h>
| #endif
| #ifdef HAVE_STDINT_H
| # include <stdint.h>
| #endif
| #ifdef HAVE_UNISTD_H
| # include <unistd.h>
| #endif
| int
| main ()
| {
| if (sizeof ((intptr_t)))
| 	    return 0;
|   ;
|   return 0;
| }
configure:7340: result: yes
configure:7391: checking for uintptr_t
configure:7391: gcc -c  -pipe  conftest.c >&5
configure:7391: $? = 0
configure:7391: gcc -c  -pipe  conftest.c >&5
conftest.c: In function 'main':
conftest.c:66:24: error: expected expression before ')' token
 if (sizeof ((uintptr_t)))
                        ^
configure:7391: $? = 1
configure: failed program was:
| /* confdefs.h */
| #define PACKAGE_NAME "tk"
| #define PACKAGE_TARNAME "tk"
| #define PACKAGE_VERSION "8.5"
| #define PACKAGE_STRING "tk 8.5"
| #define PACKAGE_BUGREPORT ""
| #define PACKAGE_URL ""
| #define STDC_HEADERS 1
| #define HAVE_SYS_TYPES_H 1
| #define HAVE_SYS_STAT_H 1
| #define HAVE_STDLIB_H 1
| #define HAVE_STRING_H 1
| #define HAVE_MEMORY_H 1
| #define HAVE_STRINGS_H 1
| #define HAVE_INTTYPES_H 1
| #define HAVE_STDINT_H 1
| #define HAVE_UNISTD_H 1
| #define HAVE_LIMITS_H 1
| #define STATIC_BUILD 1
| #define MODULE_SCOPE extern __attribute__((__visibility__("hidden")))
| #define TCL_SHLIB_EXT ".so"
| #define TCL_CFG_OPTIMIZED 1
| #define TCL_CFG_DEBUG 1
| #define _LARGEFILE64_SOURCE 1
| #define TCL_WIDE_INT_IS_LONG 1
| #define HAVE_SYS_TIME_H 1
| #define TIME_WITH_SYS_TIME 1
| #define HAVE_INTPTR_T 1
| /* end confdefs.h.  */
| #include <stdio.h>
| #ifdef HAVE_SYS_TYPES_H
| # include <sys/types.h>
| #endif
| #ifdef HAVE_SYS_STAT_H
| # include <sys/stat.h>
| #endif
| #ifdef STDC_HEADERS
| # include <stdlib.h>
| # include <stddef.h>
| #else
| # ifdef HAVE_STDLIB_H
| #  include <stdlib.h>
| # endif
| #endif
| #ifdef HAVE_STRING_H
| # if !defined STDC_HEADERS && defined HAVE_MEMORY_H
| #  include <memory.h>
| # endif
| # include <string.h>
| #endif
| #ifdef HAVE_STRINGS_H
| # include <strings.h>
| #endif
| #ifdef HAVE_INTTYPES_H
| # include <inttypes.h>
| #endif
| #ifdef HAVE_STDINT_H
| # include <stdint.h>
| #endif
| #ifdef HAVE_UNISTD_H
| # include <unistd.h>
| #endif
| int
| main ()
| {
| if (sizeof ((uintptr_t)))
| 	    return 0;
|   ;
|   return 0;
| }
configure:7391: result: yes
configure:7448: checking pw_gecos in struct pwd
configure:7465: gcc -c  -pipe  conftest.c >&5
configure:7465: $? = 0
configure:7472: result: yes
configure:7721: checking for X
configure:7829: gcc -E  conftest.c
configure:7829: $? = 0
configure:7860: gcc -o conftest  -pipe   -Wl,--export-dynamic  conftest.c -lX11  >&5
configure:7860: $? = 0
configure:7910: result: libraries , headers 
configure:7921: gcc -E  conftest.c
conftest.c:32:28: fatal error: X11/XIntrinsic.h: No such file or directory
 #include <X11/XIntrinsic.h>
                            ^
compilation terminated.
configure:7921: $? = 1
configure: failed program was:
| /* confdefs.h */
| #define PACKAGE_NAME "tk"
| #define PACKAGE_TARNAME "tk"
| #define PACKAGE_VERSION "8.5"
| #define PACKAGE_STRING "tk 8.5"
| #define PACKAGE_BUGREPORT ""
| #define PACKAGE_URL ""
| #define STDC_HEADERS 1
| #define HAVE_SYS_TYPES_H 1
| #define HAVE_SYS_STAT_H 1
| #define HAVE_STDLIB_H 1
| #define HAVE_STRING_H 1
| #define HAVE_MEMORY_H 1
| #define HAVE_STRINGS_H 1
| #define HAVE_INTTYPES_H 1
| #define HAVE_STDINT_H 1
| #define HAVE_UNISTD_H 1
| #define HAVE_LIMITS_H 1
| #define STATIC_BUILD 1
| #define MODULE_SCOPE extern __attribute__((__visibility__("hidden")))
| #define TCL_SHLIB_EXT ".so"
| #define TCL_CFG_OPTIMIZED 1
| #define TCL_CFG_DEBUG 1
| #define _LARGEFILE64_SOURCE 1
| #define TCL_WIDE_INT_IS_LONG 1
| #define HAVE_SYS_TIME_H 1
| #define TIME_WITH_SYS_TIME 1
| #define HAVE_INTPTR_T 1
| #define HAVE_UINTPTR_T 1
| #define HAVE_PW_GECOS 1
| /* end confdefs.h.  */
| #include <X11/XIntrinsic.h>
configure:7934: checking for X11 header files
configure:7941: gcc -E  conftest.c
configure:7941: $? = 0
configure:8082: checking for main in -lXbsd
configure:8101: gcc -o conftest  -pipe   -Wl,--export-dynamic  conftest.c -lXbsd   >&5
/usr/bin/ld: cannot find -lXbsd
collect2: error: ld returned 1 exit status
configure:8101: $? = 1
configure: failed program was:
| /* confdefs.h */
| #define PACKAGE_NAME "tk"
| #define PACKAGE_TARNAME "tk"
| #define PACKAGE_VERSION "8.5"
| #define PACKAGE_STRING "tk 8.5"
| #define PACKAGE_BUGREPORT ""
| #define PACKAGE_URL ""
| #define STDC_HEADERS 1
| #define HAVE_SYS_TYPES_H 1
| #define HAVE_SYS_STAT_H 1
| #define HAVE_STDLIB_H 1
| #define HAVE_STRING_H 1
| #define HAVE_MEMORY_H 1
| #define HAVE_STRINGS_H 1
| #define HAVE_INTTYPES_H 1
| #define HAVE_STDINT_H 1
| #define HAVE_UNISTD_H 1
| #define HAVE_LIMITS_H 1
| #define STATIC_BUILD 1
| #define MODULE_SCOPE extern __attribute__((__visibility__("hidden")))
| #define TCL_SHLIB_EXT ".so"
| #define TCL_CFG_OPTIMIZED 1
| #define TCL_CFG_DEBUG 1
| #define _LARGEFILE64_SOURCE 1
| #define TCL_WIDE_INT_IS_LONG 1
| #define HAVE_SYS_TIME_H 1
| #define TIME_WITH_SYS_TIME 1
| #define HAVE_INTPTR_T 1
| #define HAVE_UINTPTR_T 1
| #define HAVE_PW_GECOS 1
| /* end confdefs.h.  */
| 
| 
| int
| main ()
| {
| return main ();
|   ;
|   return 0;
| }
configure:8110: result: no
configure:8181: checking whether to try to use XScreenSaver
configure:8191: result: no
configure:8323: checking whether to use xft
configure:8335: result: no
configure:8454: checking whether char is unsigned
configure:8473: gcc -c  -pipe  conftest.c >&5
configure:8473: $? = 0
configure:8480: result: no
configure:8874: creating ./config.status

## ---------------------- ##
## Running config.status. ##
## ---------------------- ##

This file was extended by tk config.status 8.5, which was
generated by GNU Autoconf 2.69.  Invocation command line was

  CONFIG_FILES    = 
  CONFIG_HEADERS  = 
  CONFIG_LINKS    = 
  CONFIG_COMMANDS = 
  $ ./config.status 

on beta156

config.status:826: creating Makefile
config.status:826: creating tkConfig.sh
configure:9903: WARNING: unrecognized options: --enable-gcc

## ---------------- ##
## Cache variables. ##
## ---------------- ##

ac_cv_c_bigendian=no
ac_cv_c_char_unsigned=no
ac_cv_c_compiler_gnu=yes
ac_cv_c_tclconfig=/home/wh1/workspace/ns-2.35-with-anthocnet/tcl8.5.15/unix
ac_cv_env_CC_set=
ac_cv_env_CC_value=
ac_cv_env_CFLAGS_set=
ac_cv_env_CFLAGS_value=
ac_cv_env_CPPFLAGS_set=
ac_cv_env_CPPFLAGS_value=
ac_cv_env_CPP_set=
ac_cv_env_CPP_value=
ac_cv_env_LDFLAGS_set=
ac_cv_env_LDFLAGS_value=
ac_cv_env_LIBS_set=
ac_cv_env_LIBS_value=
ac_cv_env_XMKMF_set=
ac_cv_env_XMKMF_value=
ac_cv_env_build_alias_set=
ac_cv_env_build_alias_value=
ac_cv_env_host_alias_set=
ac_cv_env_host_alias_value=
ac_cv_env_target_alias_set=
ac_cv_env_target_alias_value=
ac_cv_func_strtod=yes
ac_cv_have_x='have_x=yes	ac_x_includes='\'''\''	ac_x_libraries='\'''\'''
ac_cv_header_inttypes_h=yes
ac_cv_header_limits_h=yes
ac_cv_header_memory_h=yes
ac_cv_header_stdc=yes
ac_cv_header_stdint_h=yes
ac_cv_header_stdlib_h=yes
ac_cv_header_string_h=yes
ac_cv_header_strings_h=yes
ac_cv_header_sys_stat_h=yes
ac_cv_header_sys_time_h=yes
ac_cv_header_sys_types_h=yes
ac_cv_header_time=yes
ac_cv_header_unistd_h=yes
ac_cv_lib_Xbsd_main=no
ac_cv_lib_dl_dlopen=yes
ac_cv_objext=o
ac_cv_path_EGREP='/bin/grep -E'
ac_cv_path_GREP=/bin/grep
ac_cv_path_tclsh=/home/wh1/workspace/ns-2.35-with-anthocnet/bin/tclsh8.5
ac_cv_prog_CPP='gcc -E'
ac_cv_prog_ac_ct_AR=ar
ac_cv_prog_ac_ct_CC=gcc
ac_cv_prog_ac_ct_RANLIB=ranlib
ac_cv_prog_cc_c89=
ac_cv_prog_cc_g=yes
ac_cv_type_intptr_t=yes
ac_cv_type_mode_t=yes
ac_cv_type_pid_t=yes
ac_cv_type_size_t=yes
ac_cv_type_uid_t=yes
ac_cv_type_uintptr_t=yes
tcl_cv_cc_pipe=yes
tcl_cv_cc_visibility_hidden=yes
tcl_cv_flag__isoc99_source=no
tcl_cv_flag__largefile64_source=yes
tcl_cv_flag__largefile_source64=no
tcl_cv_pwd_pw_gecos=yes
tcl_cv_strtod_buggy=ok
tcl_cv_sys_version=Linux-3.13.0-24-generic
tcl_cv_type_64bit=none
tcl_cv_type_fd_set=yes

## ----------------- ##
## Output variables. ##
## ----------------- ##

APP_RSRC_FILE=''
AR='ar'
BUILD_TCLSH='/home/wh1/workspace/ns-2.35-with-anthocnet/tcl8.5.15/unix/tclsh'
CC='gcc'
CC_SEARCH_FLAGS='-Wl,-rpath,${LIB_RUNTIME_DIR}'
CFBUNDLELOCALIZATIONS=''
CFLAGS=' -pipe '
CFLAGS_DEBUG='-g'
CFLAGS_DEFAULT='$(CFLAGS_OPTIMIZE)'
CFLAGS_OPTIMIZE='-O2'
CFLAGS_WARNING='-Wall'
CPP='gcc -E'
CPPFLAGS=''
DEFS='-DPACKAGE_NAME=\"tk\" -DPACKAGE_TARNAME=\"tk\" -DPACKAGE_VERSION=\"8.5\" -DPACKAGE_STRING=\"tk\ 8.5\" -DPACKAGE_BUGREPORT=\"\" -DPACKAGE_URL=\"\" -DSTDC_HEADERS=1 -DHAVE_SYS_TYPES_H=1 -DHAVE_SYS_STAT_H=1 -DHAVE_STDLIB_H=1 -DHAVE_STRING_H=1 -DHAVE_MEMORY_H=1 -DHAVE_STRINGS_H=1 -DHAVE_INTTYPES_H=1 -DHAVE_STDINT_H=1 -DHAVE_UNISTD_H=1 -DHAVE_LIMITS_H=1 -DSTATIC_BUILD=1 -DMODULE_SCOPE=extern\ __attribute__\(\(__visibility__\(\"hidden\"\)\)\) -DTCL_SHLIB_EXT=\".so\" -DTCL_CFG_OPTIMIZED=1 -DTCL_CFG_DEBUG=1 -D_LARGEFILE64_SOURCE=1 -DTCL_WIDE_INT_IS_LONG=1 -DHAVE_SYS_TIME_H=1 -DTIME_WITH_SYS_TIME=1 -DHAVE_INTPTR_T=1 -DHAVE_UINTPTR_T=1 -DHAVE_PW_GECOS=1'
DL_LIBS='-ldl'
DL_OBJS='tclLoadDl.o'
ECHO_C=''
ECHO_N='-n'
ECHO_T=''
EGREP='/bin/grep -E'
EXEEXT=''
EXTRA_APP_CC_SWITCHES=''
EXTRA_BUILD_HTML=''
EXTRA_CC_SWITCHES=''
EXTRA_INSTALL=''
EXTRA_INSTALL_BINARIES=''
EXTRA_WISH_LIBS=''
GREP='/bin/grep'
HTML_DIR='$(DISTDIR)/html'
INSTALL_LIB='$(INSTALL_LIBRARY) $(LIB_FILE) "$(LIB_INSTALL_DIR)"/$(LIB_FILE) ; (cd "$(LIB_INSTALL_DIR)" ; $(RANLIB) $(LIB_FILE))'
INSTALL_STUB_LIB='$(INSTALL_LIBRARY) $(STUB_LIB_FILE) "$(LIB_INSTALL_DIR)"/$(STUB_LIB_FILE) ; (cd "$(LIB_INSTALL_DIR)" ; $(RANLIB) $(STUB_LIB_FILE))'
LDAIX_SRC=''
LDFLAGS=' -Wl,--export-dynamic '
LDFLAGS_DEBUG=''
LDFLAGS_DEFAULT='$(LDFLAGS_OPTIMIZE)'
LDFLAGS_OPTIMIZE=''
LD_LIBRARY_PATH_VAR='LD_LIBRARY_PATH'
LD_SEARCH_FLAGS='-Wl,-rpath,${LIB_RUNTIME_DIR}'
LIBOBJS=''
LIBS=''
LIB_RSRC_FILE=''
LOCALES='cs da de el en en_gb eo es fr hu it nl pl pt ru sv'
LTLIBOBJS=''
MAKE_LIB='${STLIB_LD} $@ ${OBJS} ; ${RANLIB} $@'
MAKE_STUB_LIB='${STLIB_LD} $@ ${STUB_LIB_OBJS} ; ${RANLIB} $@'
MAN_FLAGS=''
OBJEXT='o'
PACKAGE_BUGREPORT=''
PACKAGE_NAME='tk'
PACKAGE_STRING='tk 8.5'
PACKAGE_TARNAME='tk'
PACKAGE_URL=''
PACKAGE_VERSION='8.5'
PATH_SEPARATOR=':'
PLAT_OBJS=''
PLAT_SRCS=''
PRIVATE_INCLUDE_DIR='$(includedir)'
RANLIB='ranlib'
REZ=''
REZ_FLAGS=''
SHELL='/bin/bash'
SHLIB_CFLAGS='-fPIC'
SHLIB_LD='${CC} -shared ${CFLAGS} ${LDFLAGS}'
SHLIB_LD_LIBS='${LIBS}'
SHLIB_SUFFIX='.so'
STLIB_LD='${AR} cr'
TCLSH_PROG='/home/wh1/workspace/ns-2.35-with-anthocnet/bin/tclsh8.5'
TCL_BIN_DIR='/home/wh1/workspace/ns-2.35-with-anthocnet/tcl8.5.15/unix'
TCL_LIBS='-ldl  -lieee -lm'
TCL_LIB_FILE='libtcl8.5.a'
TCL_LIB_FLAG='-ltcl8.5'
TCL_LIB_SPEC='-L/home/wh1/workspace/ns-2.35-with-anthocnet/tcl8.5.15/unix -ltcl8.5'
TCL_PATCH_LEVEL='.15'
TCL_SHLIB_LD_EXTRAS=''
TCL_SRC_DIR='/home/wh1/workspace/ns-2.35-with-anthocnet/tcl8.5.15'
TCL_STUB_FLAGS=''
TCL_STUB_LIB_FILE='libtclstub8.5.a'
TCL_STUB_LIB_FLAG='-ltclstub8.5'
TCL_STUB_LIB_SPEC='-L/home/wh1/workspace/ns-2.35-with-anthocnet/tcl8.5.15/unix -ltclstub8.5'
TCL_THREADS='0'
TCL_VERSION='8.5'
TK_BUILD_LIB_SPEC='-L/home/wh1/workspace/ns-2.35-with-anthocnet/tk8.5.10/unix -ltk8.5'
TK_BUILD_STUB_LIB_PATH='/home/wh1/workspace/ns-2.35-with-anthocnet/tk8.5.10/unix/libtkstub8.5.a'
TK_BUILD_STUB_LIB_SPEC='-L/home/wh1/workspace/ns-2.35-with-anthocnet/tk8.5.10/unix -ltkstub8.5'
TK_INCLUDE_SPEC='-I/home/wh1/workspace/ns-2.35-with-anthocnet/include'
TK_LIBRARY='$(prefix)/lib/tk$(VERSION)'
TK_LIB_FILE='libtk8.5.a'
TK_LIB_FLAG='-ltk8.5'
TK_LIB_SPEC='-L/home/wh1/workspace/ns-2.35-with-anthocnet/lib -ltk8.5'
TK_MAJOR_VERSION='8'
TK_MINOR_VERSION='5'
TK_PATCH_LEVEL='.10'
TK_PKG_DIR='tk$(VERSION)'
TK_RSRC_FILE='tk$(VERSION).rsrc'
TK_SHARED_BUILD='0'
TK_SHLIB_LD_EXTRAS=''
TK_SRC_DIR='/home/wh1/workspace/ns-2.35-with-anthocnet/tk8.5.10'
TK_STUB_LIB_FILE='libtkstub8.5.a'
TK_STUB_LIB_FLAG='-ltkstub8.5'
TK_STUB_LIB_PATH='/home/wh1/workspace/ns-2.35-with-anthocnet/lib/libtkstub8.5.a'
TK_STUB_LIB_SPEC='-L/home/wh1/workspace/ns-2.35-with-anthocnet/lib -ltkstub8.5'
TK_VERSION='8.5'
TK_WINDOWINGSYSTEM='X11'
TK_YEAR=''
UNIX_FONT_OBJS='tkUnixFont.o'
WISH_RSRC_FILE='wish$(VERSION).rsrc'
XFT_CFLAGS=''
XFT_LIBS=''
XINCLUDES=''
XLIBSW='-lX11'
XMKMF=''
ac_ct_CC='gcc'
bindir='${exec_prefix}/bin'
build_alias=''
datadir='${datarootdir}'
datarootdir='${prefix}/share'
docdir='${datarootdir}/doc/${PACKAGE_TARNAME}'
dvidir='${docdir}'
exec_prefix='/home/wh1/workspace/ns-2.35-with-anthocnet'
host_alias=''
htmldir='${docdir}'
includedir='${prefix}/include'
infodir='${datarootdir}/info'
libdir='/home/wh1/workspace/ns-2.35-with-anthocnet/lib'
libexecdir='${exec_prefix}/libexec'
localedir='${datarootdir}/locale'
localstatedir='${prefix}/var'
mandir='${datarootdir}/man'
oldincludedir='/usr/include'
pdfdir='${docdir}'
prefix='/home/wh1/workspace/ns-2.35-with-anthocnet'
program_transform_name='s,x,x,'
psdir='${docdir}'
sbindir='${exec_prefix}/sbin'
sharedstatedir='${prefix}/com'
sysconfdir='${prefix}/etc'
target_alias=''

## ----------- ##
## confdefs.h. ##
## ----------- ##

/* confdefs.h */
#define PACKAGE_NAME "tk"
#define PACKAGE_TARNAME "tk"
#define PACKAGE_VERSION "8.5"
#define PACKAGE_STRING "tk 8.5"
#define PACKAGE_BUGREPORT ""
#define PACKAGE_URL ""
#define STDC_HEADERS 1
#define HAVE_SYS_TYPES_H 1
#define HAVE_SYS_STAT_H 1
#define HAVE_STDLIB_H 1
#define HAVE_STRING_H 1
#define HAVE_MEMORY_H 1
#define HAVE_STRINGS_H 1
#define HAVE_INTTYPES_H 1
#define HAVE_STDINT_H 1
#define HAVE_UNISTD_H 1
#define HAVE_LIMITS_H 1
#define STATIC_BUILD 1
#define MODULE_SCOPE extern __attribute__((__visibility__("hidden")))
#define TCL_SHLIB_EXT ".so"
#define TCL_CFG_OPTIMIZED 1
#define TCL_CFG_DEBUG 1
#define _LARGEFILE64_SOURCE 1
#define TCL_WIDE_INT_IS_LONG 1
#define HAVE_SYS_TIME_H 1
#define TIME_WITH_SYS_TIME 1
#define HAVE_INTPTR_T 1
#define HAVE_UINTPTR_T 1
#define HAVE_PW_GECOS 1

configure: exit 0
